<?xml version="1.0" encoding="UTF-8"?>
<!-- Generated by org.testng.reporters.JUnitXMLReporter -->
<testsuite hostname="ADS67" name="Test" tests="21" failures="13" timestamp="30 Jun 2017 06:35:16 GMT" time="3.924" errors="0">
  <testcase name="HS_DBConnCheck_TC001" time="1.015" classname="exe.HS_ConnCheck_TS001"/>
  <testcase name="HS_InputFileExistance_TC002" time="1.156" classname="exe.HS_ConnCheck_TS001"/>
  <testcase name="HS_FileLevelRecCount_TC003" time="0.251" classname="exe.HS_RecCount_TS002">
    <failure type="junit.framework.AssertionFailedError" message="Row count Check Fail expected:&amp;lt;115&amp;gt; but was:&amp;lt;111&amp;gt;">
      <![CDATA[junit.framework.AssertionFailedError: Row count Check Fail expected:<115> but was:<111>
	at junit.framework.Assert.fail(Assert.java:57)
	at junit.framework.Assert.failNotEquals(Assert.java:329)
	at junit.framework.Assert.assertEquals(Assert.java:78)
	at junit.framework.Assert.assertEquals(Assert.java:234)
	at exe.HS_RecCount_TS002.HS_FileLevelRecCount_TC003(HS_RecCount_TS002.java:69)
... Removed 24 stack frames]]>
    </failure>
  </testcase> <!-- HS_FileLevelRecCount_TC003 -->
  <testcase name="HS_Record_Type_AS_Debt_Cancel_TC004" time="0.265" classname="exe.HS_Record_Type_DataValidation_TS003"/>
  <testcase name="HS_Record_Type_AS_Debt_Delinquent_Letter_TC005" time="0.125" classname="exe.HS_Record_Type_DataValidation_TS003"/>
  <testcase name="HS_Record_Type_AS_HS_DownGrade_TC006" time="0.11" classname="exe.HS_Record_Type_DataValidation_TS003">
    <failure type="junit.framework.AssertionFailedError" message="HS_DownGrade counts are Not Equal expected:&amp;lt;14&amp;gt; but was:&amp;lt;13&amp;gt;">
      <![CDATA[junit.framework.AssertionFailedError: HS_DownGrade counts are Not Equal expected:<14> but was:<13>
	at junit.framework.Assert.fail(Assert.java:57)
	at junit.framework.Assert.failNotEquals(Assert.java:329)
	at junit.framework.Assert.assertEquals(Assert.java:78)
	at junit.framework.Assert.assertEquals(Assert.java:234)
	at exe.HS_Record_Type_DataValidation_TS003.HS_Record_Type_AS_HS_DownGrade_TC006(HS_Record_Type_DataValidation_TS003.java:141)
... Removed 24 stack frames]]>
    </failure>
  </testcase> <!-- HS_Record_Type_AS_HS_DownGrade_TC006 -->
  <testcase name="HS_Record_Type_AS_HS_Price_Increase_TC007" time="0.078" classname="exe.HS_Record_Type_DataValidation_TS003"/>
  <testcase name="HS_Record_Type_AS_NULL_TC008" time="0.078" classname="exe.HS_Record_Type_DataValidation_TS003"/>
  <testcase name="HS_Mailing_City_Mandatory_Check_TC010" time="0.015" classname="exe.HS_Mandatory_Column_Check_TS004">
    <failure type="junit.framework.AssertionFailedError" message="Mailing_City is not Null | Mandatory expected:&amp;lt;0&amp;gt; but was:&amp;lt;2&amp;gt;">
      <![CDATA[junit.framework.AssertionFailedError: Mailing_City is not Null | Mandatory expected:<0> but was:<2>
	at junit.framework.Assert.fail(Assert.java:57)
	at junit.framework.Assert.failNotEquals(Assert.java:329)
	at junit.framework.Assert.assertEquals(Assert.java:78)
	at junit.framework.Assert.assertEquals(Assert.java:234)
	at exe.HS_Mandatory_Column_Check_TS004.HS_Mailing_City_Mandatory_Check_TC010(HS_Mandatory_Column_Check_TS004.java:90)
... Removed 24 stack frames]]>
    </failure>
  </testcase> <!-- HS_Mailing_City_Mandatory_Check_TC010 -->
  <testcase name="HS_Partner_Account_Number_Mandatory_And_Length_Check_TC011" time="0.016" classname="exe.HS_Mandatory_Column_Check_TS004">
    <failure type="junit.framework.AssertionFailedError" message="Partner_Account_Number is not Null or Length of Account number is not Correct expected:&amp;lt;0&amp;gt; but was:&amp;lt;21&amp;gt;">
      <![CDATA[junit.framework.AssertionFailedError: Partner_Account_Number is not Null or Length of Account number is not Correct expected:<0> but was:<21>
	at junit.framework.Assert.fail(Assert.java:57)
	at junit.framework.Assert.failNotEquals(Assert.java:329)
	at junit.framework.Assert.assertEquals(Assert.java:78)
	at junit.framework.Assert.assertEquals(Assert.java:234)
	at exe.HS_Mandatory_Column_Check_TS004.HS_Partner_Account_Number_Mandatory_And_Length_Check_TC011(HS_Mandatory_Column_Check_TS004.java:119)
... Removed 24 stack frames]]>
    </failure>
  </testcase> <!-- HS_Partner_Account_Number_Mandatory_And_Length_Check_TC011 -->
  <testcase name="HS_Premise_City_Mandatory_Check_TC008" time="0.016" classname="exe.HS_Mandatory_Column_Check_TS004">
    <failure type="junit.framework.AssertionFailedError" message="Premise_City is not Null | Mandatory expected:&amp;lt;0&amp;gt; but was:&amp;lt;2&amp;gt;">
      <![CDATA[junit.framework.AssertionFailedError: Premise_City is not Null | Mandatory expected:<0> but was:<2>
	at junit.framework.Assert.fail(Assert.java:57)
	at junit.framework.Assert.failNotEquals(Assert.java:329)
	at junit.framework.Assert.assertEquals(Assert.java:78)
	at junit.framework.Assert.assertEquals(Assert.java:234)
	at exe.HS_Mandatory_Column_Check_TS004.HS_Premise_City_Mandatory_Check_TC008(HS_Mandatory_Column_Check_TS004.java:32)
... Removed 24 stack frames]]>
    </failure>
  </testcase> <!-- HS_Premise_City_Mandatory_Check_TC008 -->
  <testcase name="HS_Premise_State_Mandatory_Check_TC009" time="0.016" classname="exe.HS_Mandatory_Column_Check_TS004">
    <failure type="junit.framework.AssertionFailedError" message="Premise_State is not Null | Mandatory expected:&amp;lt;0&amp;gt; but was:&amp;lt;2&amp;gt;">
      <![CDATA[junit.framework.AssertionFailedError: Premise_State is not Null | Mandatory expected:<0> but was:<2>
	at junit.framework.Assert.fail(Assert.java:57)
	at junit.framework.Assert.failNotEquals(Assert.java:329)
	at junit.framework.Assert.assertEquals(Assert.java:78)
	at junit.framework.Assert.assertEquals(Assert.java:234)
	at exe.HS_Mandatory_Column_Check_TS004.HS_Premise_State_Mandatory_Check_TC009(HS_Mandatory_Column_Check_TS004.java:61)
... Removed 24 stack frames]]>
    </failure>
  </testcase> <!-- HS_Premise_State_Mandatory_Check_TC009 -->
  <testcase name="HS_Contract_SchedRef_TC012" time="0.032" classname="exe.HS_Contract_SchedRef_Check_TS005">
    <failure type="junit.framework.AssertionFailedError" message="HS_Contract_SchedRef can not be Zero expected:&amp;lt;0&amp;gt; but was:&amp;lt;14&amp;gt;">
      <![CDATA[junit.framework.AssertionFailedError: HS_Contract_SchedRef can not be Zero expected:<0> but was:<14>
	at junit.framework.Assert.fail(Assert.java:57)
	at junit.framework.Assert.failNotEquals(Assert.java:329)
	at junit.framework.Assert.assertEquals(Assert.java:78)
	at junit.framework.Assert.assertEquals(Assert.java:234)
	at exe.HS_Contract_SchedRef_Check_TS005.HS_Contract_SchedRef_TC012(HS_Contract_SchedRef_Check_TS005.java:32)
... Removed 24 stack frames]]>
    </failure>
  </testcase> <!-- HS_Contract_SchedRef_TC012 -->
  <testcase name="HS_Contract_SchedRef_TC013" time="0.031" classname="exe.HS_Contract_SchedRef_Check_TS005">
    <failure type="junit.framework.AssertionFailedError" message="HS_Contract_SchedRef Is Mandatory expected:&amp;lt;0&amp;gt; but was:&amp;lt;1&amp;gt;">
      <![CDATA[junit.framework.AssertionFailedError: HS_Contract_SchedRef Is Mandatory expected:<0> but was:<1>
	at junit.framework.Assert.fail(Assert.java:57)
	at junit.framework.Assert.failNotEquals(Assert.java:329)
	at junit.framework.Assert.assertEquals(Assert.java:78)
	at junit.framework.Assert.assertEquals(Assert.java:234)
	at exe.HS_Contract_SchedRef_Check_TS005.HS_Contract_SchedRef_TC013(HS_Contract_SchedRef_Check_TS005.java:61)
... Removed 24 stack frames]]>
    </failure>
  </testcase> <!-- HS_Contract_SchedRef_TC013 -->
  <testcase name="HS_Premise_Home_Phone_Check_TC013" time="0.047" classname="exe.HS_Phone_Number_Check_TS006"/>
  <testcase name="HS_Premise_Home_Phone_Check_TC014" time="0.015" classname="exe.HS_Phone_Number_Check_TS006">
    <failure type="junit.framework.AssertionFailedError" message="Premise_Home_Phone_Number length not less than 10 Digits expected:&amp;lt;0&amp;gt; but was:&amp;lt;2&amp;gt;">
      <![CDATA[junit.framework.AssertionFailedError: Premise_Home_Phone_Number length not less than 10 Digits expected:<0> but was:<2>
	at junit.framework.Assert.fail(Assert.java:57)
	at junit.framework.Assert.failNotEquals(Assert.java:329)
	at junit.framework.Assert.assertEquals(Assert.java:78)
	at junit.framework.Assert.assertEquals(Assert.java:234)
	at exe.HS_Phone_Number_Check_TS006.HS_Premise_Home_Phone_Check_TC014(HS_Phone_Number_Check_TS006.java:61)
... Removed 24 stack frames]]>
    </failure>
  </testcase> <!-- HS_Premise_Home_Phone_Check_TC014 -->
  <testcase name="HS_Premise_Work_Phone_Check_TC015" time="0.157" classname="exe.HS_Phone_Number_Check_TS006">
    <failure type="junit.framework.AssertionFailedError" message="Premise_Work_Phone_Number length not less than 10 Digits expected:&amp;lt;0&amp;gt; but was:&amp;lt;1&amp;gt;">
      <![CDATA[junit.framework.AssertionFailedError: Premise_Work_Phone_Number length not less than 10 Digits expected:<0> but was:<1>
	at junit.framework.Assert.fail(Assert.java:57)
	at junit.framework.Assert.failNotEquals(Assert.java:329)
	at junit.framework.Assert.assertEquals(Assert.java:78)
	at junit.framework.Assert.assertEquals(Assert.java:234)
	at exe.HS_Phone_Number_Check_TS006.HS_Premise_Work_Phone_Check_TC015(HS_Phone_Number_Check_TS006.java:90)
... Removed 24 stack frames]]>
    </failure>
  </testcase> <!-- HS_Premise_Work_Phone_Check_TC015 -->
  <testcase name="HS_Premise_Work_Phone_Check_TC016" time="0.0" classname="exe.HS_Phone_Number_Check_TS006">
    <failure type="junit.framework.AssertionFailedError" message="Premise_Work_Phone_Number length not less than 10 Digits expected:&amp;lt;0&amp;gt; but was:&amp;lt;1&amp;gt;">
      <![CDATA[junit.framework.AssertionFailedError: Premise_Work_Phone_Number length not less than 10 Digits expected:<0> but was:<1>
	at junit.framework.Assert.fail(Assert.java:57)
	at junit.framework.Assert.failNotEquals(Assert.java:329)
	at junit.framework.Assert.assertEquals(Assert.java:78)
	at junit.framework.Assert.assertEquals(Assert.java:234)
	at exe.HS_Phone_Number_Check_TS006.HS_Premise_Work_Phone_Check_TC016(HS_Phone_Number_Check_TS006.java:119)
... Removed 24 stack frames]]>
    </failure>
  </testcase> <!-- HS_Premise_Work_Phone_Check_TC016 -->
  <testcase name="HS_Premise_Work_Phone_Check_TC017" time="0.032" classname="exe.HS_Phone_Number_Check_TS006"/>
  <testcase name="HS_Premise_First_Name_Check_TC018" time="0.124" classname="exe.HS_Premise_Name_Check_TS007">
    <failure type="junit.framework.AssertionFailedError" message="Premise_First_Name is Mandatory expected:&amp;lt;0&amp;gt; but was:&amp;lt;14&amp;gt;">
      <![CDATA[junit.framework.AssertionFailedError: Premise_First_Name is Mandatory expected:<0> but was:<14>
	at junit.framework.Assert.fail(Assert.java:57)
	at junit.framework.Assert.failNotEquals(Assert.java:329)
	at junit.framework.Assert.assertEquals(Assert.java:78)
	at junit.framework.Assert.assertEquals(Assert.java:234)
	at exe.HS_Premise_Name_Check_TS007.HS_Premise_First_Name_Check_TC018(HS_Premise_Name_Check_TS007.java:32)
... Removed 24 stack frames]]>
    </failure>
  </testcase> <!-- HS_Premise_First_Name_Check_TC018 -->
  <testcase name="HS_Premise_Last_Name_Check_TC019" time="0.063" classname="exe.HS_Premise_Name_Check_TS007">
    <failure type="junit.framework.AssertionFailedError" message="Premise_Last_Name is Mandatory expected:&amp;lt;0&amp;gt; but was:&amp;lt;2&amp;gt;">
      <![CDATA[junit.framework.AssertionFailedError: Premise_Last_Name is Mandatory expected:<0> but was:<2>
	at junit.framework.Assert.fail(Assert.java:57)
	at junit.framework.Assert.failNotEquals(Assert.java:329)
	at junit.framework.Assert.assertEquals(Assert.java:78)
	at junit.framework.Assert.assertEquals(Assert.java:234)
	at exe.HS_Premise_Name_Check_TS007.HS_Premise_Last_Name_Check_TC019(HS_Premise_Name_Check_TS007.java:61)
... Removed 24 stack frames]]>
    </failure>
  </testcase> <!-- HS_Premise_Last_Name_Check_TC019 -->
</testsuite> <!-- Test -->
