<!DOCTYPE html PUBLIC "-//W3C//DTD XHTML 1.1//EN" "http://www.w3.org/TR/xhtml11/DTD/xhtml11.dtd">
<html xmlns="http://www.w3.org/1999/xhtml">
<head>
<title>TestNG:  Unit Test</title>
<style type="text/css">
table caption,table.info_table,table.result,table.passed,table.failed {margin-bottom:10px;border:1px solid #000099;border-collapse:collapse;empty-cells:show;}
table.info_table td,table.info_table th,table.result td,table.result th,table.passed td,table.passed th,table.failed td,table.failed th {
border:1px solid #000099;padding:.25em .5em .25em .5em
}
table.result th {vertical-align:bottom}
tr.param th {padding-left:1em;padding-right:1em}
tr.param td {padding-left:.5em;padding-right:2em}
td.numi,th.numi,td.numi_attn {
text-align:right
}
tr.total td {font-weight:bold}
table caption {
text-align:center;font-weight:bold;
}
table.passed tr.stripe td,table tr.passedodd td {background-color: #00AA00;}
table.passed td,table tr.passedeven td {background-color: #33FF33;}
table.passed tr.stripe td,table tr.skippedodd td {background-color: #cccccc;}
table.passed td,table tr.skippedodd td {background-color: #dddddd;}
table.failed tr.stripe td,table tr.failedodd td,table.result td.numi_attn {background-color: #FF3333;}
table.failed td,table tr.failedeven td,table.result tr.stripe td.numi_attn {background-color: #DD0000;}
tr.stripe td,tr.stripe th {background-color: #E6EBF9;}
p.totop {font-size:85%;text-align:center;border-bottom:2px black solid}
div.shootout {padding:2em;border:3px #4854A8 solid}
</style>
</head>
<body>
<table cellspacing="0" cellpadding="0" class="result">
<tr><th>Test</th><th class="numi">Methods<br/>Passed</th><th class="numi">Scenarios<br/>Passed</th><th class="numi"># skipped</th><th class="numi"># failed</th><th class="numi">Total<br/>Time</th><th class="numi">Included<br/>Groups</th><th class="numi">Excluded<br/>Groups</th></tr>
<tr><td style="text-align:left;padding-right:2em">Test</td><td class="numi">8</td><td class="numi">8</td><td class="numi">0</td><td class="numi_attn">13</td><td class="numi">6.9 seconds</td><td class="numi"></td><td class="numi"></td></tr>
</table>
<table cellspacing="0" cellpadding="0" class="passed" id="summary">
<tr><th>Class</th><th>Method</th><th># of<br/>Scenarios</th><th>Start</th><th>Time<br/>(ms)</th></tr>
<tr><th colspan="4">Test &#8212; failed</th></tr>
<tr class="failedodd"><td rowspan="2">exe.HS_Contract_SchedRef_Check_TS005</td><td><a href="#m1"><b>HS_Contract_SchedRef_TC012</b>  </a></td><td class="numi">1</td><td>1498829789475</td><td class="numi">2386</td></tr><tr class="failedodd"><td><a href="#m2"><b>HS_Contract_SchedRef_TC013</b>  </a></td><td class="numi">1</td><td>1498829791873</td><td class="numi">2008</td></tr>
<tr class="failedeven"><td rowspan="1">exe.HS_Record_Type_DataValidation_TS003</td><td><a href="#m3"><b>HS_Record_Type_AS_HS_DownGrade_TC006</b>  </a></td><td class="numi">1</td><td>1498829795094</td><td class="numi">118</td></tr>
<tr class="failedodd"><td rowspan="3">exe.HS_Phone_Number_Check_TS006</td><td><a href="#m4"><b>HS_Premise_Home_Phone_Check_TC014</b>  </a></td><td class="numi">1</td><td>1498829795681</td><td class="numi">79</td></tr><tr class="failedodd"><td><a href="#m5"><b>HS_Premise_Work_Phone_Check_TC015</b>  </a></td><td class="numi">1</td><td>1498829795763</td><td class="numi">20</td></tr><tr class="failedodd"><td><a href="#m6"><b>HS_Premise_Work_Phone_Check_TC016</b>  </a></td><td class="numi">1</td><td>1498829795789</td><td class="numi">28</td></tr>
<tr class="failedeven"><td rowspan="2">exe.HS_Premise_Name_Check_TS007</td><td><a href="#m7"><b>HS_Premise_First_Name_Check_TC018</b>  </a></td><td class="numi">1</td><td>1498829795955</td><td class="numi">40</td></tr><tr class="failedeven"><td><a href="#m8"><b>HS_Premise_Last_Name_Check_TC019</b>  </a></td><td class="numi">1</td><td>1498829795999</td><td class="numi">46</td></tr>
<tr class="failedodd"><td rowspan="1">exe.HS_RecCount_TS002</td><td><a href="#m9"><b>HS_FileLevelRecCount_TC003</b>  </a></td><td class="numi">1</td><td>1498829796051</td><td class="numi">184</td></tr>
<tr class="failedeven"><td rowspan="4">exe.HS_Mandatory_Column_Check_TS004</td><td><a href="#m10"><b>HS_Mailing_City_Mandatory_Check_TC010</b>  </a></td><td class="numi">1</td><td>1498829796241</td><td class="numi">16</td></tr><tr class="failedeven"><td><a href="#m11"><b>HS_Partner_Account_Number_Mandatory_And_Length_Check_TC011</b>  </a></td><td class="numi">1</td><td>1498829796261</td><td class="numi">28</td></tr><tr class="failedeven"><td><a href="#m12"><b>HS_Premise_City_Mandatory_Check_TC008</b>  </a></td><td class="numi">1</td><td>1498829796293</td><td class="numi">22</td></tr><tr class="failedeven"><td><a href="#m13"><b>HS_Premise_State_Mandatory_Check_TC009</b>  </a></td><td class="numi">1</td><td>1498829796319</td><td class="numi">30</td></tr>
<tr><th colspan="4">Test &#8212; passed</th></tr>
<tr class="passedodd"><td rowspan="2">exe.HS_ConnCheck_TS001</td><td><a href="#m14"><b>HS_DBConnCheck_TC001</b>  </a></td><td class="numi">1</td><td>1498829793895</td><td class="numi">406</td></tr><tr class="passedodd"><td><a href="#m15"><b>HS_InputFileExistance_TC002</b>  </a></td><td class="numi">1</td><td>1498829794303</td><td class="numi">502</td></tr>
<tr class="passedeven"><td rowspan="4">exe.HS_Record_Type_DataValidation_TS003</td><td><a href="#m16"><b>HS_Record_Type_AS_Debt_Cancel_TC004</b>  </a></td><td class="numi">1</td><td>1498829794809</td><td class="numi">162</td></tr><tr class="passedeven"><td><a href="#m17"><b>HS_Record_Type_AS_Debt_Delinquent_Letter_TC005</b>  </a></td><td class="numi">1</td><td>1498829794974</td><td class="numi">118</td></tr><tr class="passedeven"><td><a href="#m18"><b>HS_Record_Type_AS_HS_Price_Increase_TC007</b>  </a></td><td class="numi">1</td><td>1498829795218</td><td class="numi">124</td></tr><tr class="passedeven"><td><a href="#m19"><b>HS_Record_Type_AS_NULL_TC008</b>  </a></td><td class="numi">1</td><td>1498829795346</td><td class="numi">178</td></tr>
<tr class="passedodd"><td rowspan="2">exe.HS_Phone_Number_Check_TS006</td><td><a href="#m20"><b>HS_Premise_Home_Phone_Check_TC013</b>  </a></td><td class="numi">1</td><td>1498829795528</td><td class="numi">148</td></tr><tr class="passedodd"><td><a href="#m21"><b>HS_Premise_Work_Phone_Check_TC017</b>  </a></td><td class="numi">1</td><td>1498829795821</td><td class="numi">130</td></tr>
</table>
<h1>Test</h1>
<h2 id="m1">exe.HS_Contract_SchedRef_Check_TS005:HS_Contract_SchedRef_TC013</h2>
<div style="padding-left:3em">
<p>Communications link failure due to underlying exception: 

** BEGIN NESTED EXCEPTION ** 

java.net.ConnectException
MESSAGE: Connection refused: connect

STACKTRACE:

java.net.ConnectException: Connection refused: connect
	at java.net.DualStackPlainSocketImpl.connect0(Native Method)
	at java.net.DualStackPlainSocketImpl.socketConnect(DualStackPlainSocketImpl.java:79)
	at java.net.AbstractPlainSocketImpl.doConnect(AbstractPlainSocketImpl.java:350)
	at java.net.AbstractPlainSocketImpl.connectToAddress(AbstractPlainSocketImpl.java:206)
	at java.net.AbstractPlainSocketImpl.connect(AbstractPlainSocketImpl.java:188)
	at java.net.PlainSocketImpl.connect(PlainSocketImpl.java:172)
	at java.net.SocksSocketImpl.connect(SocksSocketImpl.java:392)
	at java.net.Socket.connect(Socket.java:589)
	at java.net.Socket.connect(Socket.java:538)
	at java.net.Socket.&lt;init&gt;(Socket.java:434)
	at java.net.Socket.&lt;init&gt;(Socket.java:244)
	at com.mysql.jdbc.StandardSocketFactory.connect(StandardSocketFactory.java:256)
	at com.mysql.jdbc.MysqlIO.&lt;init&gt;(MysqlIO.java:271)
	at com.mysql.jdbc.Connection.createNewIO(Connection.java:2771)
	at com.mysql.jdbc.Connection.&lt;init&gt;(Connection.java:1555)
	at com.mysql.jdbc.NonRegisteringDriver.connect(NonRegisteringDriver.java:285)
	at java.sql.DriverManager.getConnection(DriverManager.java:664)
	at java.sql.DriverManager.getConnection(DriverManager.java:247)
	at exe.HS_Contract_SchedRef_Check_TS005.HS_Contract_SchedRef_TC013(HS_Contract_SchedRef_Check_TS005.java:52)
	at sun.reflect.NativeMethodAccessorImpl.invoke0(Native Method)
	at sun.reflect.NativeMethodAccessorImpl.invoke(NativeMethodAccessorImpl.java:62)
	at sun.reflect.DelegatingMethodAccessorImpl.invoke(DelegatingMethodAccessorImpl.java:43)
	at java.lang.reflect.Method.invoke(Method.java:498)
	at org.testng.internal.MethodInvocationHelper.invokeMethod(MethodInvocationHelper.java:80)
	at org.testng.internal.Invoker.invokeMethod(Invoker.java:714)
	at org.testng.internal.Invoker.invokeTestMethod(Invoker.java:901)
	at org.testng.internal.Invoker.invokeTestMethods(Invoker.java:1231)
	at org.testng.internal.TestMethodWorker.invokeTestMethods(TestMethodWorker.java:127)
	at org.testng.internal.TestMethodWorker.run(TestMethodWorker.java:111)
	at org.testng.TestRunner.privateRun(TestRunner.java:767)
	at org.testng.TestRunner.run(TestRunner.java:617)
	at org.testng.SuiteRunner.runTest(SuiteRunner.java:334)
	at org.testng.SuiteRunner.runSequentially(SuiteRunner.java:329)
	at org.testng.SuiteRunner.privateRun(SuiteRunner.java:291)
	at org.testng.SuiteRunner.run(SuiteRunner.java:240)
	at org.testng.SuiteRunnerWorker.runSuite(SuiteRunnerWorker.java:52)
	at org.testng.SuiteRunnerWorker.run(SuiteRunnerWorker.java:86)
	at org.testng.TestNG.runSuitesSequentially(TestNG.java:1198)
	at org.testng.TestNG.runSuitesLocally(TestNG.java:1123)
	at org.testng.TestNG.run(TestNG.java:1031)
	at org.testng.remote.AbstractRemoteTestNG.run(AbstractRemoteTestNG.java:132)
	at org.testng.remote.RemoteTestNG.initAndRun(RemoteTestNG.java:230)
	at org.testng.remote.RemoteTestNG.main(RemoteTestNG.java:76)


** END NESTED EXCEPTION **



Last packet sent to the server was 0 ms ago.</p>
com.mysql.jdbc.Connection.createNewIO(Connection.java:2847)
<br/>at com.mysql.jdbc.Connection.&lt;init&gt;(Connection.java:1555)
<br/>at com.mysql.jdbc.NonRegisteringDriver.connect(NonRegisteringDriver.java:285)
<br/>at java.sql.DriverManager.getConnection(DriverManager.java:664)
<br/>at java.sql.DriverManager.getConnection(DriverManager.java:247)
<br/>at exe.HS_Contract_SchedRef_Check_TS005.HS_Contract_SchedRef_TC013(HS_Contract_SchedRef_Check_TS005.java:52)
<br/>25 lines not shown
</div>
<p class="totop"><a href="#summary">back to summary</a></p>
<h2 id="m2">exe.HS_Phone_Number_Check_TS006:HS_Premise_Work_Phone_Check_TC015</h2>
<div style="padding-left:3em">
<p>Premise_Work_Phone_Number length not less than 10 Digits expected:&lt;0&gt; but was:&lt;1&gt;</p>
junit.framework.Assert.fail(Assert.java:57)
<br/>at junit.framework.Assert.failNotEquals(Assert.java:329)
<br/>at junit.framework.Assert.assertEquals(Assert.java:78)
<br/>at junit.framework.Assert.assertEquals(Assert.java:234)
<br/>at exe.HS_Phone_Number_Check_TS006.HS_Premise_Work_Phone_Check_TC015(HS_Phone_Number_Check_TS006.java:90)
<br/>25 lines not shown
</div>
<p class="totop"><a href="#summary">back to summary</a></p>
<h2 id="m3">exe.HS_Phone_Number_Check_TS006:HS_Premise_Home_Phone_Check_TC014</h2>
<div style="padding-left:3em">
<p>Premise_Home_Phone_Number length not less than 10 Digits expected:&lt;0&gt; but was:&lt;2&gt;</p>
junit.framework.Assert.fail(Assert.java:57)
<br/>at junit.framework.Assert.failNotEquals(Assert.java:329)
<br/>at junit.framework.Assert.assertEquals(Assert.java:78)
<br/>at junit.framework.Assert.assertEquals(Assert.java:234)
<br/>at exe.HS_Phone_Number_Check_TS006.HS_Premise_Home_Phone_Check_TC014(HS_Phone_Number_Check_TS006.java:61)
<br/>25 lines not shown
</div>
<p class="totop"><a href="#summary">back to summary</a></p>
<h2 id="m4">exe.HS_Premise_Name_Check_TS007:HS_Premise_Last_Name_Check_TC019</h2>
<div style="padding-left:3em">
<p>Premise_Last_Name is Mandatory expected:&lt;0&gt; but was:&lt;2&gt;</p>
junit.framework.Assert.fail(Assert.java:57)
<br/>at junit.framework.Assert.failNotEquals(Assert.java:329)
<br/>at junit.framework.Assert.assertEquals(Assert.java:78)
<br/>at junit.framework.Assert.assertEquals(Assert.java:234)
<br/>at exe.HS_Premise_Name_Check_TS007.HS_Premise_Last_Name_Check_TC019(HS_Premise_Name_Check_TS007.java:61)
<br/>25 lines not shown
</div>
<p class="totop"><a href="#summary">back to summary</a></p>
<h2 id="m5">exe.HS_Contract_SchedRef_Check_TS005:HS_Contract_SchedRef_TC012</h2>
<div style="padding-left:3em">
<p>Communications link failure due to underlying exception: 

** BEGIN NESTED EXCEPTION ** 

java.net.ConnectException
MESSAGE: Connection refused: connect

STACKTRACE:

java.net.ConnectException: Connection refused: connect
	at java.net.DualStackPlainSocketImpl.connect0(Native Method)
	at java.net.DualStackPlainSocketImpl.socketConnect(DualStackPlainSocketImpl.java:79)
	at java.net.AbstractPlainSocketImpl.doConnect(AbstractPlainSocketImpl.java:350)
	at java.net.AbstractPlainSocketImpl.connectToAddress(AbstractPlainSocketImpl.java:206)
	at java.net.AbstractPlainSocketImpl.connect(AbstractPlainSocketImpl.java:188)
	at java.net.PlainSocketImpl.connect(PlainSocketImpl.java:172)
	at java.net.SocksSocketImpl.connect(SocksSocketImpl.java:392)
	at java.net.Socket.connect(Socket.java:589)
	at java.net.Socket.connect(Socket.java:538)
	at java.net.Socket.&lt;init&gt;(Socket.java:434)
	at java.net.Socket.&lt;init&gt;(Socket.java:244)
	at com.mysql.jdbc.StandardSocketFactory.connect(StandardSocketFactory.java:256)
	at com.mysql.jdbc.MysqlIO.&lt;init&gt;(MysqlIO.java:271)
	at com.mysql.jdbc.Connection.createNewIO(Connection.java:2771)
	at com.mysql.jdbc.Connection.&lt;init&gt;(Connection.java:1555)
	at com.mysql.jdbc.NonRegisteringDriver.connect(NonRegisteringDriver.java:285)
	at java.sql.DriverManager.getConnection(DriverManager.java:664)
	at java.sql.DriverManager.getConnection(DriverManager.java:247)
	at exe.HS_Contract_SchedRef_Check_TS005.HS_Contract_SchedRef_TC012(HS_Contract_SchedRef_Check_TS005.java:23)
	at sun.reflect.NativeMethodAccessorImpl.invoke0(Native Method)
	at sun.reflect.NativeMethodAccessorImpl.invoke(NativeMethodAccessorImpl.java:62)
	at sun.reflect.DelegatingMethodAccessorImpl.invoke(DelegatingMethodAccessorImpl.java:43)
	at java.lang.reflect.Method.invoke(Method.java:498)
	at org.testng.internal.MethodInvocationHelper.invokeMethod(MethodInvocationHelper.java:80)
	at org.testng.internal.Invoker.invokeMethod(Invoker.java:714)
	at org.testng.internal.Invoker.invokeTestMethod(Invoker.java:901)
	at org.testng.internal.Invoker.invokeTestMethods(Invoker.java:1231)
	at org.testng.internal.TestMethodWorker.invokeTestMethods(TestMethodWorker.java:127)
	at org.testng.internal.TestMethodWorker.run(TestMethodWorker.java:111)
	at org.testng.TestRunner.privateRun(TestRunner.java:767)
	at org.testng.TestRunner.run(TestRunner.java:617)
	at org.testng.SuiteRunner.runTest(SuiteRunner.java:334)
	at org.testng.SuiteRunner.runSequentially(SuiteRunner.java:329)
	at org.testng.SuiteRunner.privateRun(SuiteRunner.java:291)
	at org.testng.SuiteRunner.run(SuiteRunner.java:240)
	at org.testng.SuiteRunnerWorker.runSuite(SuiteRunnerWorker.java:52)
	at org.testng.SuiteRunnerWorker.run(SuiteRunnerWorker.java:86)
	at org.testng.TestNG.runSuitesSequentially(TestNG.java:1198)
	at org.testng.TestNG.runSuitesLocally(TestNG.java:1123)
	at org.testng.TestNG.run(TestNG.java:1031)
	at org.testng.remote.AbstractRemoteTestNG.run(AbstractRemoteTestNG.java:132)
	at org.testng.remote.RemoteTestNG.initAndRun(RemoteTestNG.java:230)
	at org.testng.remote.RemoteTestNG.main(RemoteTestNG.java:76)


** END NESTED EXCEPTION **



Last packet sent to the server was 2 ms ago.</p>
com.mysql.jdbc.Connection.createNewIO(Connection.java:2847)
<br/>at com.mysql.jdbc.Connection.&lt;init&gt;(Connection.java:1555)
<br/>at com.mysql.jdbc.NonRegisteringDriver.connect(NonRegisteringDriver.java:285)
<br/>at java.sql.DriverManager.getConnection(DriverManager.java:664)
<br/>at java.sql.DriverManager.getConnection(DriverManager.java:247)
<br/>at exe.HS_Contract_SchedRef_Check_TS005.HS_Contract_SchedRef_TC012(HS_Contract_SchedRef_Check_TS005.java:23)
<br/>25 lines not shown
</div>
<p class="totop"><a href="#summary">back to summary</a></p>
<h2 id="m6">exe.HS_Mandatory_Column_Check_TS004:HS_Premise_State_Mandatory_Check_TC009</h2>
<div style="padding-left:3em">
<p>Premise_State is not Null | Mandatory expected:&lt;0&gt; but was:&lt;2&gt;</p>
junit.framework.Assert.fail(Assert.java:57)
<br/>at junit.framework.Assert.failNotEquals(Assert.java:329)
<br/>at junit.framework.Assert.assertEquals(Assert.java:78)
<br/>at junit.framework.Assert.assertEquals(Assert.java:234)
<br/>at exe.HS_Mandatory_Column_Check_TS004.HS_Premise_State_Mandatory_Check_TC009(HS_Mandatory_Column_Check_TS004.java:61)
<br/>25 lines not shown
</div>
<p class="totop"><a href="#summary">back to summary</a></p>
<h2 id="m7">exe.HS_Premise_Name_Check_TS007:HS_Premise_First_Name_Check_TC018</h2>
<div style="padding-left:3em">
<p>Premise_First_Name is Mandatory expected:&lt;0&gt; but was:&lt;14&gt;</p>
junit.framework.Assert.fail(Assert.java:57)
<br/>at junit.framework.Assert.failNotEquals(Assert.java:329)
<br/>at junit.framework.Assert.assertEquals(Assert.java:78)
<br/>at junit.framework.Assert.assertEquals(Assert.java:234)
<br/>at exe.HS_Premise_Name_Check_TS007.HS_Premise_First_Name_Check_TC018(HS_Premise_Name_Check_TS007.java:32)
<br/>25 lines not shown
</div>
<p class="totop"><a href="#summary">back to summary</a></p>
<h2 id="m8">exe.HS_Mandatory_Column_Check_TS004:HS_Mailing_City_Mandatory_Check_TC010</h2>
<div style="padding-left:3em">
<p>Mailing_City is not Null | Mandatory expected:&lt;0&gt; but was:&lt;2&gt;</p>
junit.framework.Assert.fail(Assert.java:57)
<br/>at junit.framework.Assert.failNotEquals(Assert.java:329)
<br/>at junit.framework.Assert.assertEquals(Assert.java:78)
<br/>at junit.framework.Assert.assertEquals(Assert.java:234)
<br/>at exe.HS_Mandatory_Column_Check_TS004.HS_Mailing_City_Mandatory_Check_TC010(HS_Mandatory_Column_Check_TS004.java:90)
<br/>25 lines not shown
</div>
<p class="totop"><a href="#summary">back to summary</a></p>
<h2 id="m9">exe.HS_Mandatory_Column_Check_TS004:HS_Partner_Account_Number_Mandatory_And_Length_Check_TC011</h2>
<div style="padding-left:3em">
<p>Partner_Account_Number is not Null or Length of Account number is not Correct expected:&lt;0&gt; but was:&lt;21&gt;</p>
junit.framework.Assert.fail(Assert.java:57)
<br/>at junit.framework.Assert.failNotEquals(Assert.java:329)
<br/>at junit.framework.Assert.assertEquals(Assert.java:78)
<br/>at junit.framework.Assert.assertEquals(Assert.java:234)
<br/>at exe.HS_Mandatory_Column_Check_TS004.HS_Partner_Account_Number_Mandatory_And_Length_Check_TC011(HS_Mandatory_Column_Check_TS004.java:119)
<br/>25 lines not shown
</div>
<p class="totop"><a href="#summary">back to summary</a></p>
<h2 id="m10">exe.HS_RecCount_TS002:HS_FileLevelRecCount_TC003</h2>
<div style="padding-left:3em">
<p>Row count Check Fail expected:&lt;115&gt; but was:&lt;111&gt;</p>
junit.framework.Assert.fail(Assert.java:57)
<br/>at junit.framework.Assert.failNotEquals(Assert.java:329)
<br/>at junit.framework.Assert.assertEquals(Assert.java:78)
<br/>at junit.framework.Assert.assertEquals(Assert.java:234)
<br/>at exe.HS_RecCount_TS002.HS_FileLevelRecCount_TC003(HS_RecCount_TS002.java:68)
<br/>25 lines not shown
</div>
<p class="totop"><a href="#summary">back to summary</a></p>
<h2 id="m11">exe.HS_Phone_Number_Check_TS006:HS_Premise_Work_Phone_Check_TC016</h2>
<div style="padding-left:3em">
<p>Premise_Work_Phone_Number length not less than 10 Digits expected:&lt;0&gt; but was:&lt;1&gt;</p>
junit.framework.Assert.fail(Assert.java:57)
<br/>at junit.framework.Assert.failNotEquals(Assert.java:329)
<br/>at junit.framework.Assert.assertEquals(Assert.java:78)
<br/>at junit.framework.Assert.assertEquals(Assert.java:234)
<br/>at exe.HS_Phone_Number_Check_TS006.HS_Premise_Work_Phone_Check_TC016(HS_Phone_Number_Check_TS006.java:119)
<br/>25 lines not shown
</div>
<p class="totop"><a href="#summary">back to summary</a></p>
<h2 id="m12">exe.HS_Record_Type_DataValidation_TS003:HS_Record_Type_AS_HS_DownGrade_TC006</h2>
<div style="padding-left:3em">
<p>HS_DownGrade counts are Not Equal expected:&lt;14&gt; but was:&lt;13&gt;</p>
junit.framework.Assert.fail(Assert.java:57)
<br/>at junit.framework.Assert.failNotEquals(Assert.java:329)
<br/>at junit.framework.Assert.assertEquals(Assert.java:78)
<br/>at junit.framework.Assert.assertEquals(Assert.java:234)
<br/>at exe.HS_Record_Type_DataValidation_TS003.HS_Record_Type_AS_HS_DownGrade_TC006(HS_Record_Type_DataValidation_TS003.java:141)
<br/>25 lines not shown
</div>
<p class="totop"><a href="#summary">back to summary</a></p>
<h2 id="m13">exe.HS_Mandatory_Column_Check_TS004:HS_Premise_City_Mandatory_Check_TC008</h2>
<div style="padding-left:3em">
<p>Premise_City is not Null | Mandatory expected:&lt;0&gt; but was:&lt;2&gt;</p>
junit.framework.Assert.fail(Assert.java:57)
<br/>at junit.framework.Assert.failNotEquals(Assert.java:329)
<br/>at junit.framework.Assert.assertEquals(Assert.java:78)
<br/>at junit.framework.Assert.assertEquals(Assert.java:234)
<br/>at exe.HS_Mandatory_Column_Check_TS004.HS_Premise_City_Mandatory_Check_TC008(HS_Mandatory_Column_Check_TS004.java:32)
<br/>25 lines not shown
</div>
<p class="totop"><a href="#summary">back to summary</a></p>
<h2 id="m14">exe.HS_ConnCheck_TS001:HS_DBConnCheck_TC001</h2>
<div style="padding-left:3em">
Database Connection is Passed<br/>
Database Connection is Passed<br/>
Database Connection is Passed<br/>
Database Connection is Passed<br/>
Database Connection is Passed<br/>
Database Connection is Passed<br/>
Database Connection is Passed<br/>
Database Connection is Passed<br/>
Database Connection is Passed<br/>
Database Connection is Passed<br/>
Database Connection is Passed<br/>
Database Connection is Passed<br/>
Database Connection is Passed<br/>
Database Connection is Passed<br/>
Database Connection is Passed<br/>
Database Connection is Passed<br/>
Database Connection is Passed<br/>
Database Connection is Passed<br/>
Database Connection is Passed<br/>
Database Connection is Passed<br/>
Database Connection is Passed<br/>
Database Connection is Passed<br/>
Database Connection is Passed<br/>
Database Connection is Passed<br/>
Database Connection is Passed<br/>
Database Connection is Passed<br/>
Database Connection is Passed<br/>
Database Connection is Passed<br/>
Database Connection is Passed<br/>
Database Connection is Passed<br/>
Database Connection is Passed<br/>
Database Connection is Passed<br/>
Database Connection is Passed<br/>
Database Connection is Passed<br/>
Database Connection is Passed<br/>
Database Connection is Passed<br/>
Database Connection is Passed<br/>
Database Connection is Passed<br/>
Database Connection is Passed<br/>
Database Connection is Passed<br/>
Database Connection is Passed<br/>
Database Connection is Passed<br/>
Database Connection is Passed<br/>
Database Connection is Passed<br/>
Database Connection is Passed<br/>
Database Connection is Passed<br/>
Database Connection is Passed<br/>
Database Connection is Passed<br/>
Database Connection is Passed<br/>
Database Connection is Passed<br/>
Database Connection is Passed<br/>
Database Connection is Passed<br/>
Database Connection is Passed<br/>
Database Connection is Passed<br/>
Database Connection is Passed<br/>
Database Connection is Passed<br/>
Database Connection is Passed<br/>
Database Connection is Passed<br/>
Database Connection is Passed<br/>
Database Connection is Passed<br/>
Database Connection is Passed<br/>
Database Connection is Passed<br/>
Database Connection is Passed<br/>
Database Connection is Passed<br/>
Database Connection is Passed<br/>
Database Connection is Passed<br/>
Database Connection is Passed<br/>
Database Connection is Passed<br/>
Database Connection is Passed<br/>
Database Connection is Passed<br/>
Database Connection is Passed<br/>
Database Connection is Passed<br/>
Database Connection is Passed<br/>
Database Connection is Passed<br/>
Database Connection is Passed<br/>
Database Connection is Passed<br/>
Database Connection is Passed<br/>
Database Connection is Passed<br/>
Database Connection is Passed<br/>
Database Connection is Passed<br/>
Database Connection is Passed<br/>
Database Connection is Passed<br/>
Database Connection is Passed<br/>
Database Connection is Passed<br/>
Database Connection is Passed<br/>
Database Connection is Passed<br/>
Database Connection is Passed<br/>
Database Connection is Passed<br/>
Database Connection is Passed<br/>
Database Connection is Passed<br/>
Database Connection is Passed<br/>
Database Connection is Passed<br/>
Database Connection is Passed<br/>
Database Connection is Passed<br/>
Database Connection is Passed<br/>
Database Connection is Passed<br/>
Database Connection is Passed<br/>
Database Connection is Passed<br/>
Database Connection is Passed<br/>
Database Connection is Passed<br/>
Database Connection is Passed<br/>
Database Connection is Passed<br/>
Database Connection is Passed<br/>
Database Connection is Passed<br/>
Database Connection is Passed<br/>
Database Connection is Passed<br/>
Database Connection is Passed<br/>
Database Connection is Passed<br/>
Database Connection is Passed<br/>
Database Connection is Passed<br/>
Database Connection is Passed<br/>
</div>
<p class="totop"><a href="#summary">back to summary</a></p>
<h2 id="m15">exe.HS_ConnCheck_TS001:HS_InputFileExistance_TC002</h2>
<p class="totop"><a href="#summary">back to summary</a></p>
<h2 id="m16">exe.HS_Record_Type_DataValidation_TS003:HS_Record_Type_AS_Debt_Delinquent_Letter_TC005</h2>
<p class="totop"><a href="#summary">back to summary</a></p>
<h2 id="m17">exe.HS_Phone_Number_Check_TS006:HS_Premise_Work_Phone_Check_TC017</h2>
<p class="totop"><a href="#summary">back to summary</a></p>
<h2 id="m18">exe.HS_Record_Type_DataValidation_TS003:HS_Record_Type_AS_Debt_Cancel_TC004</h2>
<p class="totop"><a href="#summary">back to summary</a></p>
<h2 id="m19">exe.HS_Phone_Number_Check_TS006:HS_Premise_Home_Phone_Check_TC013</h2>
<p class="totop"><a href="#summary">back to summary</a></p>
<h2 id="m20">exe.HS_Record_Type_DataValidation_TS003:HS_Record_Type_AS_HS_Price_Increase_TC007</h2>
<p class="totop"><a href="#summary">back to summary</a></p>
<h2 id="m21">exe.HS_Record_Type_DataValidation_TS003:HS_Record_Type_AS_NULL_TC008</h2>
<p class="totop"><a href="#summary">back to summary</a></p>
</body></html>
